<?xml version="1.0" encoding="UTF-8"?>
<!-- Generated by org.testng.reporters.JUnitReportReporter -->
<testsuite hostname="LAPTOP-TMKG7GS9" failures="0" tests="1" name="com.hrms.testscripts.TC_HRMS_001" time="31.543" errors="0" timestamp="2023-03-28T14:06:37 AWST" skipped="0">
  <testcase classname="com.hrms.testscripts.TC_HRMS_001" name="tc001" time="31.543"/>
  <system-out>
    <![CDATA[Application opened
Tiltle Not matched
OrangeHRM
Login completed
Tiltle matched
Application Closed]]>
  </system-out>
</testsuite> <!-- com.hrms.testscripts.TC_HRMS_001 -->
